<?xml version="1.0" encoding="UTF-8"?>
<!-- Generated by org.testng.reporters.JUnitReportReporter -->
<testsuite hostname="DESKTOP-OF9IGA7" failures="0" tests="1" name="testCases.TC_002_LoginTest" time="1.949" errors="0" timestamp="2022-12-02T17:29:47 IST" skipped="0">
  <testcase classname="testCases.TC_002_LoginTest" name="test_Login" time="1.949"/>
  <system-out/>
</testsuite> <!-- testCases.TC_002_LoginTest -->
